Now Renaming: aptos-core
Cloning into 'aptos-core'...
Updating files:  90% (10082/11081)Updating files:  91% (10084/11081)Updating files:  92% (10195/11081)Updating files:  93% (10306/11081)Updating files:  94% (10417/11081)Updating files:  95% (10527/11081)Updating files:  96% (10638/11081)Updating files:  97% (10749/11081)Updating files:  98% (10860/11081)Updating files:  99% (10971/11081)Updating files: 100% (11081/11081)Updating files: 100% (11081/11081), done.
Switched to a new branch 'aptos-release-v1.6'
Branch 'aptos-release-v1.6' set up to track remote branch 'aptos-release-v1.6' from 'origin'.
/aptos-core/testsuite/smoke-test/src/aptos renamed as /aptos-core/testsuite/smoke-test/src/diem
/aptos-core/testsuite/smoke-test/src/aptos_cli renamed as /aptos-core/testsuite/smoke-test/src/diem_cli
/aptos-core/testsuite/forge/src/backend/k8s/helm-values/aptos-node-default-values.yaml renamed as /aptos-core/testsuite/forge/src/backend/k8s/helm-values/diem-node-default-values.yaml
/aptos-core/testsuite/forge/src/interface/aptos.rs renamed as /aptos-core/testsuite/forge/src/interface/diem.rs
/aptos-core/testsuite/generate-format/src/aptos.rs renamed as /aptos-core/testsuite/generate-format/src/diem.rs
/aptos-core/testsuite/generate-format/tests/staged/aptos.yaml renamed as /aptos-core/testsuite/generate-format/tests/staged/diem.yaml
/aptos-core/testsuite/aptos-fuzzer renamed as /aptos-core/testsuite/diem-fuzzer
/aptos-core/aptos-move/aptos-gas-profiling renamed as /aptos-core/aptos-move/diem-gas-profiling
/aptos-core/aptos-move/aptos-vm-types renamed as /aptos-core/aptos-move/diem-vm-types
/aptos-core/aptos-move/e2e-move-tests/src/aptos_governance.rs renamed as /aptos-core/aptos-move/e2e-move-tests/src/diem_governance.rs
/aptos-core/aptos-move/aptos-resource-viewer renamed as /aptos-core/aptos-move/diem-resource-viewer
/aptos-core/aptos-move/aptos-aggregator renamed as /aptos-core/aptos-move/diem-aggregator
/aptos-core/aptos-move/aptos-vm/src/aptos_vm_impl.rs renamed as /aptos-core/aptos-move/aptos-vm/src/diem_vm_impl.rs
/aptos-core/aptos-move/aptos-vm/src/aptos_vm.rs renamed as /aptos-core/aptos-move/aptos-vm/src/diem_vm.rs
/aptos-core/aptos-move/aptos-vm renamed as /aptos-core/aptos-move/diem-vm
/aptos-core/aptos-move/aptos-release-builder/data/example_output/1-aptos-stdlib.move renamed as /aptos-core/aptos-move/aptos-release-builder/data/example_output/1-diem-stdlib.move
/aptos-core/aptos-move/aptos-release-builder/data/example_output/2-aptos-framework.move renamed as /aptos-core/aptos-move/aptos-release-builder/data/example_output/2-diem-framework.move
/aptos-core/aptos-move/aptos-release-builder/data/example_output/3-aptos-token.move renamed as /aptos-core/aptos-move/aptos-release-builder/data/example_output/3-diem-token.move
/aptos-core/aptos-move/aptos-release-builder renamed as /aptos-core/aptos-move/diem-release-builder
/aptos-core/aptos-move/aptos-gas/src/aptos_framework.rs renamed as /aptos-core/aptos-move/aptos-gas/src/diem_framework.rs
/aptos-core/aptos-move/aptos-gas renamed as /aptos-core/aptos-move/diem-gas
/aptos-core/aptos-move/aptos-transactional-test-harness/src/aptos_test_harness.rs renamed as /aptos-core/aptos-move/aptos-transactional-test-harness/src/diem_test_harness.rs
/aptos-core/aptos-move/aptos-transactional-test-harness/tests/aptos_test_harness renamed as /aptos-core/aptos-move/aptos-transactional-test-harness/tests/diem_test_harness
/aptos-core/aptos-move/aptos-transactional-test-harness renamed as /aptos-core/aptos-move/diem-transactional-test-harness
/aptos-core/aptos-move/aptos-debugger renamed as /aptos-core/aptos-move/diem-debugger
/aptos-core/aptos-move/e2e-tests/goldens/language_e2e_testsuite__tests__on_chain_configs__initial_aptos_version_version_4.exp renamed as /aptos-core/aptos-move/e2e-tests/goldens/language_e2e_testsuite__tests__on_chain_configs__initial_diem_version_version_4.exp
/aptos-core/aptos-move/aptos-validator-interface renamed as /aptos-core/aptos-move/diem-validator-interface
/aptos-core/aptos-move/aptos-sdk-builder renamed as /aptos-core/aptos-move/diem-sdk-builder
/aptos-core/aptos-move/aptos-vm-logging renamed as /aptos-core/aptos-move/diem-vm-logging
/aptos-core/aptos-move/aptos-transaction-benchmarks renamed as /aptos-core/aptos-move/diem-transaction-benchmarks
/aptos-core/aptos-move/framework/cached-packages/src/aptos_token_sdk_builder.rs renamed as /aptos-core/aptos-move/framework/cached-packages/src/diem_token_sdk_builder.rs
/aptos-core/aptos-move/framework/cached-packages/src/aptos_framework_sdk_builder.rs renamed as /aptos-core/aptos-move/framework/cached-packages/src/diem_framework_sdk_builder.rs
/aptos-core/aptos-move/framework/cached-packages/src/aptos_stdlib.rs renamed as /aptos-core/aptos-move/framework/cached-packages/src/diem_stdlib.rs
/aptos-core/aptos-move/framework/cached-packages/src/aptos_token_objects_sdk_builder.rs renamed as /aptos-core/aptos-move/framework/cached-packages/src/diem_token_objects_sdk_builder.rs
/aptos-core/aptos-move/framework/aptos-token-objects/doc/aptos_token.md renamed as /aptos-core/aptos-move/framework/aptos-token-objects/doc/diem_token.md
/aptos-core/aptos-move/framework/aptos-token-objects/sources/aptos_token.move renamed as /aptos-core/aptos-move/framework/aptos-token-objects/sources/diem_token.move
/aptos-core/aptos-move/framework/aptos-token-objects renamed as /aptos-core/aptos-move/framework/diem-token-objects
/aptos-core/aptos-move/framework/aptos-stdlib renamed as /aptos-core/aptos-move/framework/diem-stdlib
/aptos-core/aptos-move/framework/aptos-framework/doc/aptos_account.md renamed as /aptos-core/aptos-move/framework/aptos-framework/doc/diem_account.md
/aptos-core/aptos-move/framework/aptos-framework/doc/aptos_coin.md renamed as /aptos-core/aptos-move/framework/aptos-framework/doc/diem_coin.md
/aptos-core/aptos-move/framework/aptos-framework/doc/aptos_governance.md renamed as /aptos-core/aptos-move/framework/aptos-framework/doc/diem_governance.md
/aptos-core/aptos-move/framework/aptos-framework/sources/aptos_governance.spec.move renamed as /aptos-core/aptos-move/framework/aptos-framework/sources/diem_governance.spec.move
/aptos-core/aptos-move/framework/aptos-framework/sources/aptos_account.spec.move renamed as /aptos-core/aptos-move/framework/aptos-framework/sources/diem_account.spec.move
/aptos-core/aptos-move/framework/aptos-framework/sources/aptos_coin.spec.move renamed as /aptos-core/aptos-move/framework/aptos-framework/sources/diem_coin.spec.move
/aptos-core/aptos-move/framework/aptos-framework/sources/aptos_governance.move renamed as /aptos-core/aptos-move/framework/aptos-framework/sources/diem_governance.move
/aptos-core/aptos-move/framework/aptos-framework/sources/aptos_coin.move renamed as /aptos-core/aptos-move/framework/aptos-framework/sources/diem_coin.move
/aptos-core/aptos-move/framework/aptos-framework/sources/aptos_account.move renamed as /aptos-core/aptos-move/framework/aptos-framework/sources/diem_account.move
/aptos-core/aptos-move/framework/aptos-framework renamed as /aptos-core/aptos-move/framework/diem-framework
/aptos-core/aptos-move/framework/aptos-token renamed as /aptos-core/aptos-move/framework/diem-token
/aptos-core/aptos-move/framework/src/aptos-natives.bpl renamed as /aptos-core/aptos-move/framework/src/diem-natives.bpl
/aptos-core/aptos-move/framework/src/aptos.rs renamed as /aptos-core/aptos-move/framework/src/diem.rs
/aptos-core/aptos-move/aptos-vm-profiling/src/bins/run_aptos_p2p.rs renamed as /aptos-core/aptos-move/aptos-vm-profiling/src/bins/run_diem_p2p.rs
/aptos-core/aptos-move/aptos-vm-profiling/src/profile_aptos_vm.rs renamed as /aptos-core/aptos-move/aptos-vm-profiling/src/profile_diem_vm.rs
/aptos-core/aptos-move/aptos-vm-profiling renamed as /aptos-core/aptos-move/diem-vm-profiling
/aptos-core/aptos-move renamed as /aptos-core/diem-move
/aptos-core/storage/aptosdb/src/fake_aptosdb.rs renamed as /aptos-core/storage/aptosdb/src/fake_diemdb.rs
/aptos-core/storage/aptosdb/src/aptosdb_test.rs renamed as /aptos-core/storage/aptosdb/src/diemdb_test.rs
/aptos-core/storage/aptosdb renamed as /aptos-core/storage/diemdb
/aptos-core/aptos-node renamed as /aptos-core/diem-node
/aptos-core/aptos-utils renamed as /aptos-core/diem-utils
/aptos-core/state-sync/aptos-data-client renamed as /aptos-core/state-sync/diem-data-client
/aptos-core/execution/db-bootstrapper/src/bin/aptos-db-bootstrapper.rs renamed as /aptos-core/execution/db-bootstrapper/src/bin/diem-db-bootstrapper.rs
/aptos-core/.github/actions/release-aptos-node/bump_aptos_node_version.py renamed as /aptos-core/.github/actions/release-aptos-node/bump_diem_node_version.py
/aptos-core/.github/actions/release-aptos-node renamed as /aptos-core/.github/actions/release-diem-node
/aptos-core/.github/actions/check-aptos-core renamed as /aptos-core/.github/actions/check-diem-core
/aptos-core/.github/workflows/aptos-node-release.yaml renamed as /aptos-core/.github/workflows/diem-node-release.yaml
/aptos-core/types/src/on_chain_config/aptos_version.rs renamed as /aptos-core/types/src/on_chain_config/diem_version.rs
/aptos-core/types/src/on_chain_config/aptos_features.rs renamed as /aptos-core/types/src/on_chain_config/diem_features.rs
/aptos-core/developer-docs-site/static/img/test-the-aptos-reference-wallet.svg renamed as /aptos-core/developer-docs-site/static/img/test-the-diem-reference-wallet.svg
/aptos-core/developer-docs-site/static/img/aptos-keys-dark.svg renamed as /aptos-core/developer-docs-site/static/img/diem-keys-dark.svg
/aptos-core/developer-docs-site/static/img/aptos-logo.png renamed as /aptos-core/developer-docs-site/static/img/diem-logo.png
/aptos-core/developer-docs-site/static/img/aptos-coin-sourcing-dark.svg renamed as /aptos-core/developer-docs-site/static/img/diem-coin-sourcing-dark.svg
/aptos-core/developer-docs-site/static/img/aptos-clients-dark.svg renamed as /aptos-core/developer-docs-site/static/img/diem-clients-dark.svg
/aptos-core/developer-docs-site/static/img/aptos_meta_opengraph_051222.jpg renamed as /aptos-core/developer-docs-site/static/img/diem_meta_opengraph_051222.jpg
/aptos-core/developer-docs-site/static/img/manage-aptos-keys-dark.svg renamed as /aptos-core/developer-docs-site/static/img/manage-diem-keys-dark.svg
/aptos-core/developer-docs-site/static/img/aptos-keys.svg renamed as /aptos-core/developer-docs-site/static/img/diem-keys.svg
/aptos-core/developer-docs-site/static/img/aptos_meta_og_aptos-foundation_docs.jpg renamed as /aptos-core/developer-docs-site/static/img/diem_meta_og_diem-foundation_docs.jpg
/aptos-core/developer-docs-site/static/img/debugging-move-in-aptos-network.svg renamed as /aptos-core/developer-docs-site/static/img/debugging-move-in-diem-network.svg
/aptos-core/developer-docs-site/static/img/aptos-coin-sourcing.svg renamed as /aptos-core/developer-docs-site/static/img/diem-coin-sourcing.svg
/aptos-core/developer-docs-site/static/img/aptos_icon_dark.svg renamed as /aptos-core/developer-docs-site/static/img/diem_icon_dark.svg
/aptos-core/developer-docs-site/static/img/aptos-header-logo-white.png renamed as /aptos-core/developer-docs-site/static/img/diem-header-logo-white.png
/aptos-core/developer-docs-site/static/img/aptos_logo_wordmark_transparent_blk.png renamed as /aptos-core/developer-docs-site/static/img/diem_logo_wordmark_transparent_blk.png
/aptos-core/developer-docs-site/static/img/aptos_logo_wordmark_transparent_white.png renamed as /aptos-core/developer-docs-site/static/img/diem_logo_wordmark_transparent_white.png
/aptos-core/developer-docs-site/static/img/aptos_word_dark.svg renamed as /aptos-core/developer-docs-site/static/img/diem_word_dark.svg
/aptos-core/developer-docs-site/static/img/debugging-move-in-aptos-network-dark.svg renamed as /aptos-core/developer-docs-site/static/img/debugging-move-in-diem-network-dark.svg
/aptos-core/developer-docs-site/static/img/aptos-nodes-dark.svg renamed as /aptos-core/developer-docs-site/static/img/diem-nodes-dark.svg
/aptos-core/developer-docs-site/static/img/manage-aptos-keys.svg renamed as /aptos-core/developer-docs-site/static/img/manage-diem-keys.svg
/aptos-core/developer-docs-site/static/img/aptos-clients.svg renamed as /aptos-core/developer-docs-site/static/img/diem-clients.svg
/aptos-core/developer-docs-site/static/img/aptos-logomark-white.png renamed as /aptos-core/developer-docs-site/static/img/diem-logomark-white.png
/aptos-core/developer-docs-site/static/img/aptos-nodes.svg renamed as /aptos-core/developer-docs-site/static/img/diem-nodes.svg
/aptos-core/developer-docs-site/static/img/docs/aptos-token-standard-flow.svg renamed as /aptos-core/developer-docs-site/static/img/docs/diem-token-standard-flow.svg
/aptos-core/developer-docs-site/static/img/docs/aptos-whitepaper-pdf.png renamed as /aptos-core/developer-docs-site/static/img/docs/diem-whitepaper-pdf.png
/aptos-core/developer-docs-site/static/img/docs/aptos-move-paper.png renamed as /aptos-core/developer-docs-site/static/img/docs/diem-move-paper.png
/aptos-core/developer-docs-site/static/img/docs/aptos-indexing.svg renamed as /aptos-core/developer-docs-site/static/img/docs/diem-indexing.svg
/aptos-core/developer-docs-site/static/img/docs/aptos-indexing-dark.svg renamed as /aptos-core/developer-docs-site/static/img/docs/diem-indexing-dark.svg
/aptos-core/developer-docs-site/static/img/docs/trigger-edits-aptosdev.png renamed as /aptos-core/developer-docs-site/static/img/docs/trigger-edits-diemdev.png
/aptos-core/developer-docs-site/static/img/docs/aptos-c-sourcing.svg renamed as /aptos-core/developer-docs-site/static/img/docs/diem-c-sourcing.svg
/aptos-core/developer-docs-site/static/img/docs/aptos-blockchain-pdf.png renamed as /aptos-core/developer-docs-site/static/img/docs/diem-blockchain-pdf.png
/aptos-core/developer-docs-site/static/img/docs/aptos-db-restore.png renamed as /aptos-core/developer-docs-site/static/img/docs/diem-db-restore.png
/aptos-core/developer-docs-site/static/img/docs/aptos-token-standard-flow-dark.svg renamed as /aptos-core/developer-docs-site/static/img/docs/diem-token-standard-flow-dark.svg
/aptos-core/developer-docs-site/static/img/docs/aptos-whitepaper-pdf@2x.png renamed as /aptos-core/developer-docs-site/static/img/docs/diem-whitepaper-pdf@2x.png
/aptos-core/developer-docs-site/static/img/aptos_word.svg renamed as /aptos-core/developer-docs-site/static/img/diem_word.svg
/aptos-core/developer-docs-site/static/img/test-the-aptos-reference-wallet-dark.svg renamed as /aptos-core/developer-docs-site/static/img/test-the-diem-reference-wallet-dark.svg
/aptos-core/developer-docs-site/static/img/aptos.ico renamed as /aptos-core/developer-docs-site/static/img/diem.ico
/aptos-core/developer-docs-site/static/papers/aptos-consensus-state-machine-replication-in-the-aptos-blockchain renamed as /aptos-core/developer-docs-site/static/papers/diem-consensus-state-machine-replication-in-the-diem-blockchain
/aptos-core/developer-docs-site/docs/sdks/ts-sdk/aptos-client.md renamed as /aptos-core/developer-docs-site/docs/sdks/ts-sdk/diem-client.md
/aptos-core/developer-docs-site/docs/standards/aptos-object.md renamed as /aptos-core/developer-docs-site/docs/standards/diem-object.md
/aptos-core/developer-docs-site/docs/standards/aptos-token-v2.md renamed as /aptos-core/developer-docs-site/docs/standards/diem-token-v2.md
/aptos-core/developer-docs-site/docs/standards/aptos-token.md renamed as /aptos-core/developer-docs-site/docs/standards/diem-token.md
/aptos-core/developer-docs-site/docs/standards/aptos-coin.md renamed as /aptos-core/developer-docs-site/docs/standards/diem-coin.md
/aptos-core/developer-docs-site/docs/guides/nfts/aptos-token-overview.md renamed as /aptos-core/developer-docs-site/docs/guides/nfts/diem-token-overview.md
/aptos-core/developer-docs-site/docs/guides/explore-aptos.md renamed as /aptos-core/developer-docs-site/docs/guides/explore-diem.md
/aptos-core/developer-docs-site/docs/move/move-on-aptos/modules-on-aptos.md renamed as /aptos-core/developer-docs-site/docs/move/move-on-aptos/modules-on-diem.md
/aptos-core/developer-docs-site/docs/move/move-on-aptos renamed as /aptos-core/developer-docs-site/docs/move/move-on-diem
/aptos-core/developer-docs-site/docs/move/move-on-aptos.md renamed as /aptos-core/developer-docs-site/docs/move/move-on-diem.md
/aptos-core/developer-docs-site/docs/aptos-white-paper renamed as /aptos-core/developer-docs-site/docs/diem-white-paper
/aptos-core/developer-docs-site/docs/integration/handle-aptos-errors.md renamed as /aptos-core/developer-docs-site/docs/integration/handle-diem-errors.md
/aptos-core/developer-docs-site/docs/integration/aptos-name-service-connector.md renamed as /aptos-core/developer-docs-site/docs/integration/diem-name-service-connector.md
/aptos-core/developer-docs-site/docs/integration/aptos-apis.md renamed as /aptos-core/developer-docs-site/docs/integration/diem-apis.md
/aptos-core/developer-docs-site/docs/tools/aptos-cli-tool/use-aptos-cli.md renamed as /aptos-core/developer-docs-site/docs/tools/aptos-cli-tool/use-diem-cli.md
/aptos-core/developer-docs-site/docs/tools/aptos-cli-tool renamed as /aptos-core/developer-docs-site/docs/tools/diem-cli-tool
/aptos-core/developer-docs-site/docs/community/aptos-style.md renamed as /aptos-core/developer-docs-site/docs/community/diem-style.md
/aptos-core/developer-docs-site/docs/nodes/aptos-api-spec.md renamed as /aptos-core/developer-docs-site/docs/nodes/diem-api-spec.md
/aptos-core/developer-docs-site/docs/nodes/full-node/aptos-db-restore.md renamed as /aptos-core/developer-docs-site/docs/nodes/full-node/diem-db-restore.md
/aptos-core/developer-docs-site/docs/nodes/validator-node/operator/connect-to-aptos-network.md renamed as /aptos-core/developer-docs-site/docs/nodes/validator-node/operator/connect-to-diem-network.md
/aptos-core/ecosystem/python/sdk/examples/async-aptos-token.py renamed as /aptos-core/ecosystem/python/sdk/examples/async-diem-token.py
/aptos-core/ecosystem/python/sdk/aptos_sdk/aptos_token_client.py renamed as /aptos-core/ecosystem/python/sdk/aptos_sdk/diem_token_client.py
/aptos-core/ecosystem/python/sdk/aptos_sdk renamed as /aptos-core/ecosystem/python/sdk/diem_sdk
/aptos-core/ecosystem/typescript/sdk/examples/typescript/call_aptos_cli.ts renamed as /aptos-core/ecosystem/typescript/sdk/examples/typescript/call_diem_cli.ts
/aptos-core/ecosystem/typescript/sdk/src/aptos_types renamed as /aptos-core/ecosystem/typescript/sdk/src/diem_types
/aptos-core/ecosystem/typescript/sdk/src/account/aptos_account.ts renamed as /aptos-core/ecosystem/typescript/sdk/src/account/diem_account.ts
/aptos-core/ecosystem/typescript/sdk/src/providers/aptos_client.ts renamed as /aptos-core/ecosystem/typescript/sdk/src/providers/diem_client.ts
/aptos-core/ecosystem/typescript/sdk/src/plugins/aptos_token.ts renamed as /aptos-core/ecosystem/typescript/sdk/src/plugins/diem_token.ts
/aptos-core/ecosystem/typescript/sdk/src/tests/e2e/aptos_client.test.ts renamed as /aptos-core/ecosystem/typescript/sdk/src/tests/e2e/diem_client.test.ts
/aptos-core/ecosystem/typescript/sdk/src/tests/e2e/aptos_token.test.ts renamed as /aptos-core/ecosystem/typescript/sdk/src/tests/e2e/diem_token.test.ts
/aptos-core/ecosystem/typescript/sdk/src/tests/unit/aptos_account.test.ts renamed as /aptos-core/ecosystem/typescript/sdk/src/tests/unit/diem_account.test.ts
/aptos-core/ecosystem/node-checker/src/bin/aptos-node-checker.rs renamed as /aptos-core/ecosystem/node-checker/src/bin/diem-node-checker.rs
/aptos-core/api/goldens/aptos_api__tests__invalid_post_request_test__test_invalid_payload_type.json renamed as /aptos-core/api/goldens/diem_api__tests__invalid_post_request_test__test_invalid_payload_type.json
/aptos-core/api/goldens/aptos_api__tests__transactions_test__test_get_transactions_with_zero_limit.json renamed as /aptos-core/api/goldens/diem_api__tests__transactions_test__test_get_transactions_with_zero_limit.json
/aptos-core/api/goldens/aptos_api__tests__state_test__test_get_account_resource_struct_tag_not_found.json renamed as /aptos-core/api/goldens/diem_api__tests__state_test__test_get_account_resource_struct_tag_not_found.json
/aptos-core/api/goldens/aptos_api__tests__transactions_test__test_submit_transaction_rejects_invalid_content_type.json renamed as /aptos-core/api/goldens/diem_api__tests__transactions_test__test_submit_transaction_rejects_invalid_content_type.json
/aptos-core/api/goldens/aptos_api__tests__transactions_test__test_submit_transaction_rejects_payload_too_large_bcs_txn_body.json renamed as /aptos-core/api/goldens/diem_api__tests__transactions_test__test_submit_transaction_rejects_payload_too_large_bcs_txn_body.json
/aptos-core/api/goldens/aptos_api__tests__events_test__test_get_events_by_invalid_creation_number.json renamed as /aptos-core/api/goldens/diem_api__tests__events_test__test_get_events_by_invalid_creation_number.json
/aptos-core/api/goldens/aptos_api__tests__invalid_post_request_test__test_invalid_entry_function_argument_address_string.json renamed as /aptos-core/api/goldens/diem_api__tests__invalid_post_request_test__test_invalid_entry_function_argument_address_string.json
/aptos-core/api/goldens/aptos_api__tests__blocks_test__test_get_genesis_block_by_height.json renamed as /aptos-core/api/goldens/diem_api__tests__blocks_test__test_get_genesis_block_by_height.json
/aptos-core/api/goldens/aptos_api__tests__transactions_test__test_get_txn_execute_failed_by_entry_function_validation.json renamed as /aptos-core/api/goldens/diem_api__tests__transactions_test__test_get_txn_execute_failed_by_entry_function_validation.json
/aptos-core/api/goldens/aptos_api__tests__index_test__test_get_index.json renamed as /aptos-core/api/goldens/diem_api__tests__index_test__test_get_index.json
/aptos-core/api/goldens/aptos_api__tests__accounts_test__test_get_account_resources_by_invalid_ledger_version.json renamed as /aptos-core/api/goldens/diem_api__tests__accounts_test__test_get_account_resources_by_invalid_ledger_version.json
/aptos-core/api/goldens/aptos_api__tests__transactions_test__test_get_txn_execute_failed_by_invalid_entry_function_name.json renamed as /aptos-core/api/goldens/diem_api__tests__transactions_test__test_get_txn_execute_failed_by_invalid_entry_function_name.json
/aptos-core/api/goldens/aptos_api__tests__transaction_vector_test__test_script_payload.json renamed as /aptos-core/api/goldens/diem_api__tests__transaction_vector_test__test_script_payload.json
/aptos-core/api/goldens/aptos_api__tests__transactions_test__test_get_transactions_with_invalid_start_version_param.json renamed as /aptos-core/api/goldens/diem_api__tests__transactions_test__test_get_transactions_with_invalid_start_version_param.json
/aptos-core/api/goldens/aptos_api__tests__state_test__test_get_account_module_not_found.json renamed as /aptos-core/api/goldens/diem_api__tests__state_test__test_get_account_module_not_found.json
/aptos-core/api/goldens/aptos_api__tests__invalid_post_request_test__test_invalid_entry_function_argument_u64_string.json renamed as /aptos-core/api/goldens/diem_api__tests__invalid_post_request_test__test_invalid_entry_function_argument_u64_string.json
/aptos-core/api/goldens/aptos_api__tests__transactions_test__test_post_invalid_bcs_format_transaction.json renamed as /aptos-core/api/goldens/diem_api__tests__transactions_test__test_post_invalid_bcs_format_transaction.json
/aptos-core/api/goldens/aptos_api__tests__accounts_test__test_get_core_account_data_not_found.json renamed as /aptos-core/api/goldens/diem_api__tests__accounts_test__test_get_core_account_data_not_found.json
/aptos-core/api/goldens/aptos_api__tests__invalid_post_request_test__test_invalid_entry_function_module_name.json renamed as /aptos-core/api/goldens/diem_api__tests__invalid_post_request_test__test_invalid_entry_function_module_name.json
/aptos-core/api/goldens/aptos_api__tests__accounts_test__test_get_core_account_data.json renamed as /aptos-core/api/goldens/diem_api__tests__accounts_test__test_get_core_account_data.json
/aptos-core/api/goldens/aptos_api__tests__transactions_test__test_submit_transaction_rejects_payload_too_large_json_body.json renamed as /aptos-core/api/goldens/diem_api__tests__transactions_test__test_submit_transaction_rejects_payload_too_large_json_body.json
/aptos-core/api/goldens/aptos_api__tests__invalid_post_request_test__test_invalid_entry_function_function_id.json renamed as /aptos-core/api/goldens/diem_api__tests__invalid_post_request_test__test_invalid_entry_function_function_id.json
/aptos-core/api/goldens/aptos_api__tests__events_test__test_get_events_by_invalid_account_event_handle_struct_name.json renamed as /aptos-core/api/goldens/diem_api__tests__events_test__test_get_events_by_invalid_account_event_handle_struct_name.json
/aptos-core/api/goldens/aptos_api__tests__transactions_test__test_get_txn_execute_failed_by_entry_function_invalid_module_name.json renamed as /aptos-core/api/goldens/diem_api__tests__transactions_test__test_get_txn_execute_failed_by_entry_function_invalid_module_name.json
/aptos-core/api/goldens/aptos_api__tests__invalid_post_request_test__test_invalid_type_argument_data_type.json renamed as /aptos-core/api/goldens/diem_api__tests__invalid_post_request_test__test_invalid_type_argument_data_type.json
/aptos-core/api/goldens/aptos_api__tests__transactions_test__test_get_txn_execute_failed_by_invalid_entry_function_arguments.json renamed as /aptos-core/api/goldens/diem_api__tests__transactions_test__test_get_txn_execute_failed_by_invalid_entry_function_arguments.json
/aptos-core/api/goldens/aptos_api__tests__events_test__test_get_events_by_account_event_handle.json renamed as /aptos-core/api/goldens/diem_api__tests__events_test__test_get_events_by_account_event_handle.json
/aptos-core/api/goldens/aptos_api__tests__transactions_test__test_create_signing_message_rejects_no_content_length_request.json renamed as /aptos-core/api/goldens/diem_api__tests__transactions_test__test_create_signing_message_rejects_no_content_length_request.json
/aptos-core/api/goldens/aptos_api__tests__state_test__test_get_account_resource.json renamed as /aptos-core/api/goldens/diem_api__tests__state_test__test_get_account_resource.json
/aptos-core/api/goldens/aptos_api__tests__blocks_test__test_get_unknown_block_by_height.json renamed as /aptos-core/api/goldens/diem_api__tests__blocks_test__test_get_unknown_block_by_height.json
/aptos-core/api/goldens/aptos_api__tests__transactions_test__test_get_transaction_by_hash_not_found.json renamed as /aptos-core/api/goldens/diem_api__tests__transactions_test__test_get_transaction_by_hash_not_found.json
/aptos-core/api/goldens/aptos_api__tests__transactions_test__test_get_txn_execute_failed_by_missing_entry_function_arguments.json renamed as /aptos-core/api/goldens/diem_api__tests__transactions_test__test_get_txn_execute_failed_by_missing_entry_function_arguments.json
/aptos-core/api/goldens/aptos_api__tests__transactions_test__test_gas_estimation_disabled.json renamed as /aptos-core/api/goldens/diem_api__tests__transactions_test__test_gas_estimation_disabled.json
/aptos-core/api/goldens/aptos_api__tests__transactions_test__test_get_transactions_param_limit_exceeds_limit.json renamed as /aptos-core/api/goldens/diem_api__tests__transactions_test__test_get_transactions_param_limit_exceeds_limit.json
/aptos-core/api/goldens/aptos_api__tests__transactions_test__test_post_invalid_signature_transaction.json renamed as /aptos-core/api/goldens/diem_api__tests__transactions_test__test_post_invalid_signature_transaction.json
/aptos-core/api/goldens/aptos_api__tests__events_test__test_get_events_by_invalid_account_event_handle_struct_address.json renamed as /aptos-core/api/goldens/diem_api__tests__events_test__test_get_events_by_invalid_account_event_handle_struct_address.json
/aptos-core/api/goldens/aptos_api__tests__transactions_test__test_get_transactions_output_user_transaction_with_entry_function_payload.json renamed as /aptos-core/api/goldens/diem_api__tests__transactions_test__test_get_transactions_output_user_transaction_with_entry_function_payload.json
/aptos-core/api/goldens/aptos_api__tests__transactions_test__test_create_signing_message_rejects_payload_too_large_json_body.json renamed as /aptos-core/api/goldens/diem_api__tests__transactions_test__test_create_signing_message_rejects_payload_too_large_json_body.json
/aptos-core/api/goldens/aptos_api__tests__invalid_post_request_test__test_invalid_payload_data_type.json renamed as /aptos-core/api/goldens/diem_api__tests__invalid_post_request_test__test_invalid_payload_data_type.json
/aptos-core/api/goldens/aptos_api__tests__transactions_test__test_create_signing_message_rejects_invalid_json.json renamed as /aptos-core/api/goldens/diem_api__tests__transactions_test__test_create_signing_message_rejects_invalid_json.json
/aptos-core/api/goldens/aptos_api__tests__transactions_test__test_gas_estimation_one_block.json renamed as /aptos-core/api/goldens/diem_api__tests__transactions_test__test_gas_estimation_one_block.json
/aptos-core/api/goldens/aptos_api__tests__state_test__test_get_account_module.json renamed as /aptos-core/api/goldens/diem_api__tests__state_test__test_get_account_module.json
/aptos-core/api/goldens/aptos_api__tests__transactions_test__test_get_transactions_output_genesis_transaction.json renamed as /aptos-core/api/goldens/diem_api__tests__transactions_test__test_get_transactions_output_genesis_transaction.json
/aptos-core/api/goldens/aptos_api__tests__transactions_test__test_get_transactions_returns_last_page_when_start_version_is_not_specified.json renamed as /aptos-core/api/goldens/diem_api__tests__transactions_test__test_get_transactions_returns_last_page_when_start_version_is_not_specified.json
/aptos-core/api/goldens/aptos_api__tests__transactions_test__test_gas_estimation_static_override.json renamed as /aptos-core/api/goldens/diem_api__tests__transactions_test__test_gas_estimation_static_override.json
/aptos-core/api/goldens/aptos_api__tests__transactions_test__test_submit_transaction_rejects_invalid_json.json renamed as /aptos-core/api/goldens/diem_api__tests__transactions_test__test_submit_transaction_rejects_invalid_json.json
/aptos-core/api/goldens/aptos_api__tests__transactions_test__test_get_transactions_with_start_version_is_too_large.json renamed as /aptos-core/api/goldens/diem_api__tests__transactions_test__test_get_transactions_with_start_version_is_too_large.json
/aptos-core/api/goldens/aptos_api__tests__transactions_test__test_get_txn_execute_failed_by_invalid_module_payload_bytecode.json renamed as /aptos-core/api/goldens/diem_api__tests__transactions_test__test_get_txn_execute_failed_by_invalid_module_payload_bytecode.json
/aptos-core/api/goldens/aptos_api__tests__view_function__test_view_tuple.json renamed as /aptos-core/api/goldens/diem_api__tests__view_function__test_view_tuple.json
/aptos-core/api/goldens/aptos_api__tests__transactions_test__test_gas_estimation_ten_empty_blocks.json renamed as /aptos-core/api/goldens/diem_api__tests__transactions_test__test_gas_estimation_ten_empty_blocks.json
/aptos-core/api/goldens/aptos_api__tests__transactions_test__test_get_txn_execute_failed_by_invalid_entry_function_address.json renamed as /aptos-core/api/goldens/diem_api__tests__transactions_test__test_get_txn_execute_failed_by_invalid_entry_function_address.json
/aptos-core/api/goldens/aptos_api__tests__state_test__test_get_account_resource_by_invalid_struct_tag.json renamed as /aptos-core/api/goldens/diem_api__tests__state_test__test_get_account_resource_by_invalid_struct_tag.json
/aptos-core/api/goldens/aptos_api__tests__index_test__test_cors_forbidden.json renamed as /aptos-core/api/goldens/diem_api__tests__index_test__test_cors_forbidden.json
/aptos-core/api/goldens/aptos_api__tests__transactions_test__test_get_transactions_with_invalid_limit_param.json renamed as /aptos-core/api/goldens/diem_api__tests__transactions_test__test_get_transactions_with_invalid_limit_param.json
/aptos-core/api/goldens/aptos_api__tests__transactions_test__test_get_txn_execute_failed_by_invalid_script_payload_bytecode.json renamed as /aptos-core/api/goldens/diem_api__tests__transactions_test__test_get_txn_execute_failed_by_invalid_script_payload_bytecode.json
/aptos-core/api/goldens/aptos_api__tests__view_function__test_simple_view_invalid.json renamed as /aptos-core/api/goldens/diem_api__tests__view_function__test_simple_view_invalid.json
/aptos-core/api/goldens/aptos_api__tests__transaction_vector_test__test_entry_function_payload.json renamed as /aptos-core/api/goldens/diem_api__tests__transaction_vector_test__test_entry_function_payload.json
/aptos-core/api/goldens/aptos_api__tests__accounts_test__test_get_account_resources_by_address_0x0.json renamed as /aptos-core/api/goldens/diem_api__tests__accounts_test__test_get_account_resources_by_address_0x0.json
/aptos-core/api/goldens/aptos_api__tests__accounts_test__test_get_account_resources_by_too_large_ledger_version.json renamed as /aptos-core/api/goldens/diem_api__tests__accounts_test__test_get_account_resources_by_too_large_ledger_version.json
/aptos-core/api/goldens/aptos_api__tests__invalid_post_request_test__test_invalid_entry_function_argument_address_type.json renamed as /aptos-core/api/goldens/diem_api__tests__invalid_post_request_test__test_invalid_entry_function_argument_address_type.json
/aptos-core/api/goldens/aptos_api__tests__transactions_test__test_get_pending_transaction_by_hash.json renamed as /aptos-core/api/goldens/diem_api__tests__transactions_test__test_get_pending_transaction_by_hash.json
/aptos-core/api/goldens/aptos_api__tests__state_test__test_get_account_resource_by_invalid_address.json renamed as /aptos-core/api/goldens/diem_api__tests__state_test__test_get_account_resource_by_invalid_address.json
/aptos-core/api/goldens/aptos_api__tests__transaction_vector_test__test_module_payload.json renamed as /aptos-core/api/goldens/diem_api__tests__transaction_vector_test__test_module_payload.json
/aptos-core/api/goldens/aptos_api__tests__events_test__test_get_events_filter_by_start_sequence_number.json renamed as /aptos-core/api/goldens/diem_api__tests__events_test__test_get_events_filter_by_start_sequence_number.json
/aptos-core/api/goldens/aptos_api__tests__transactions_test__test_gas_estimation_ten_blocks.json renamed as /aptos-core/api/goldens/diem_api__tests__transactions_test__test_gas_estimation_ten_blocks.json
/aptos-core/api/goldens/aptos_api__tests__invalid_post_request_test__test_missing_entry_function_arguments.json renamed as /aptos-core/api/goldens/diem_api__tests__invalid_post_request_test__test_missing_entry_function_arguments.json
/aptos-core/api/goldens/aptos_api__tests__transactions_test__test_get_txn_execute_failed_by_invalid_entry_function_module_name.json renamed as /aptos-core/api/goldens/diem_api__tests__transactions_test__test_get_txn_execute_failed_by_invalid_entry_function_module_name.json
/aptos-core/api/goldens/aptos_api__tests__transactions_test__test_get_txn_execute_failed_by_entry_function_invalid_function_name.json renamed as /aptos-core/api/goldens/diem_api__tests__transactions_test__test_get_txn_execute_failed_by_entry_function_invalid_function_name.json
/aptos-core/api/goldens/aptos_api__tests__transactions_test__test_get_transaction_by_invalid_hash.json renamed as /aptos-core/api/goldens/diem_api__tests__transactions_test__test_get_transaction_by_invalid_hash.json
/aptos-core/api/goldens/aptos_api__tests__view_function__test_simple_view.json renamed as /aptos-core/api/goldens/diem_api__tests__view_function__test_simple_view.json
/aptos-core/api/goldens/aptos_api__tests__invalid_post_request_test__test_invalid_entry_function_function_name.json renamed as /aptos-core/api/goldens/diem_api__tests__invalid_post_request_test__test_invalid_entry_function_function_name.json
/aptos-core/api/goldens/aptos_api__tests__transactions_test__test_post_transaction_rejected_by_mempool.json renamed as /aptos-core/api/goldens/diem_api__tests__transactions_test__test_post_transaction_rejected_by_mempool.json
/aptos-core/api/goldens/aptos_api__tests__invalid_post_request_test__test_invalid_entry_function_argument_data_type.json renamed as /aptos-core/api/goldens/diem_api__tests__invalid_post_request_test__test_invalid_entry_function_argument_data_type.json
/aptos-core/api/goldens/aptos_api__tests__events_test__test_get_events_by_invalid_account_event_handle_struct_module.json renamed as /aptos-core/api/goldens/diem_api__tests__events_test__test_get_events_by_invalid_account_event_handle_struct_module.json
/aptos-core/api/goldens/aptos_api__tests__state_test__test_get_account_resource_with_version_too_large.json renamed as /aptos-core/api/goldens/diem_api__tests__state_test__test_get_account_resource_with_version_too_large.json
/aptos-core/api/goldens/aptos_api__tests__transactions_test__test_create_signing_message_rejects_invalid_content_type.json renamed as /aptos-core/api/goldens/diem_api__tests__transactions_test__test_create_signing_message_rejects_invalid_content_type.json
/aptos-core/api/goldens/aptos_api__tests__view_function__test_versioned_simple_view.json renamed as /aptos-core/api/goldens/diem_api__tests__view_function__test_versioned_simple_view.json
/aptos-core/api/goldens/aptos_api__tests__events_test__test_get_events_by_invalid_account_event_handle_field_type.json renamed as /aptos-core/api/goldens/diem_api__tests__events_test__test_get_events_by_invalid_account_event_handle_field_type.json
/aptos-core/api/goldens/aptos_api__tests__state_test__test_get_account_module_by_invalid_address.json renamed as /aptos-core/api/goldens/diem_api__tests__state_test__test_get_account_module_by_invalid_address.json
/aptos-core/api/goldens/aptos_api__tests__transactions_test__test_gas_estimation_empty.json renamed as /aptos-core/api/goldens/diem_api__tests__transactions_test__test_gas_estimation_empty.json
/aptos-core/api/goldens/aptos_api__tests__state_test__test_get_account_resource_address_not_found.json renamed as /aptos-core/api/goldens/diem_api__tests__state_test__test_get_account_resource_address_not_found.json
/aptos-core/api/goldens/aptos_api__tests__invalid_post_request_test__test_invalid_entry_function_module_address.json renamed as /aptos-core/api/goldens/diem_api__tests__invalid_post_request_test__test_invalid_entry_function_module_address.json
/aptos-core/api/goldens/aptos_api__tests__transactions_test__test_get_transaction_by_version_not_found.json renamed as /aptos-core/api/goldens/diem_api__tests__transactions_test__test_get_transaction_by_version_not_found.json
/aptos-core/api/goldens/aptos_api__tests__events_test__test_get_events_by_invalid_account_event_handle_field_name.json renamed as /aptos-core/api/goldens/diem_api__tests__events_test__test_get_events_by_invalid_account_event_handle_field_name.json
/aptos-core/api/goldens/aptos_api__tests__transactions_test__test_get_txn_execute_failed_by_script_execution_failure.json renamed as /aptos-core/api/goldens/diem_api__tests__transactions_test__test_get_txn_execute_failed_by_script_execution_failure.json
/aptos-core/api/goldens/aptos_api__tests__transactions_test__test_gas_estimation_one_empty_block.json renamed as /aptos-core/api/goldens/diem_api__tests__transactions_test__test_gas_estimation_one_empty_block.json
/aptos-core/api/goldens/aptos_api__tests__events_test__test_get_events.json renamed as /aptos-core/api/goldens/diem_api__tests__events_test__test_get_events.json
/aptos-core/api/goldens/aptos_api__tests__state_test__test_get_account_resource_with_version.json renamed as /aptos-core/api/goldens/diem_api__tests__state_test__test_get_account_resource_with_version.json
/aptos-core/api/goldens/aptos_api__tests__accounts_test__test_get_account_resources_by_invalid_address_missing_0x_prefix.json renamed as /aptos-core/api/goldens/diem_api__tests__accounts_test__test_get_account_resources_by_invalid_address_missing_0x_prefix.json
/aptos-core/api/goldens/aptos_api__tests__transactions_test__test_post_bcs_format_transaction.json renamed as /aptos-core/api/goldens/diem_api__tests__transactions_test__test_post_bcs_format_transaction.json
/aptos-core/terraform/aptos-node renamed as /aptos-core/terraform/diem-node
/aptos-core/terraform/helm/chaos/charts/chaos-mesh-2.5.2+aptos0.tgz renamed as /aptos-core/terraform/helm/chaos/charts/chaos-mesh-2.5.2+diem0.tgz
/aptos-core/terraform/helm/aptos-node renamed as /aptos-core/terraform/helm/diem-node
/aptos-core/terraform/aptos-node-testnet renamed as /aptos-core/terraform/diem-node-testnet
/aptos-core/.assets/aptos_banner.png renamed as /aptos-core/.assets/diem_banner.png
/aptos-core/.assets/aptos.png renamed as /aptos-core/.assets/diem.png
/aptos-core/crates/aptos/homebrew/aptos.rb renamed as /aptos-core/crates/aptos/homebrew/diem.rb
/aptos-core/crates/aptos/src/move_tool/aptos_debug_natives.rs renamed as /aptos-core/crates/aptos/src/move_tool/diem_debug_natives.rs
/aptos-core/crates/aptos/src/move_tool/aptos_dep_example renamed as /aptos-core/crates/aptos/src/move_tool/diem_dep_example
/aptos-core/crates/aptos renamed as /aptos-core/crates/diem
/aptos-core/crates/aptos-ledger renamed as /aptos-core/crates/diem-ledger
/aptos-core/crates/aptos-proptest-helpers renamed as /aptos-core/crates/diem-proptest-helpers
/aptos-core/crates/aptos-network-checker renamed as /aptos-core/crates/diem-network-checker
/aptos-core/crates/aptos-telemetry renamed as /aptos-core/crates/diem-telemetry
/aptos-core/crates/aptos-rosetta-cli renamed as /aptos-core/crates/diem-rosetta-cli
/aptos-core/crates/aptos-warp-webserver renamed as /aptos-core/crates/diem-warp-webserver
/aptos-core/crates/aptos-logger/src/aptos_logger.rs renamed as /aptos-core/crates/aptos-logger/src/diem_logger.rs
/aptos-core/crates/aptos-logger renamed as /aptos-core/crates/diem-logger
/aptos-core/crates/aptos-bitvec renamed as /aptos-core/crates/diem-bitvec
/aptos-core/crates/aptos-openapi renamed as /aptos-core/crates/diem-openapi
/aptos-core/crates/aptos-rosetta/aptos.ros renamed as /aptos-core/crates/aptos-rosetta/diem.ros
/aptos-core/crates/aptos-rosetta renamed as /aptos-core/crates/diem-rosetta
/aptos-core/crates/aptos-log-derive renamed as /aptos-core/crates/diem-log-derive
/aptos-core/crates/aptos-id-generator renamed as /aptos-core/crates/diem-id-generator
/aptos-core/crates/aptos-protos/proto/aptos renamed as /aptos-core/crates/aptos-protos/proto/diem
/aptos-core/crates/aptos-protos/src/pb/aptos.util.timestamp.serde.rs renamed as /aptos-core/crates/aptos-protos/src/pb/diem.util.timestamp.serde.rs
/aptos-core/crates/aptos-protos/src/pb/aptos.indexer.v1.rs renamed as /aptos-core/crates/aptos-protos/src/pb/diem.indexer.v1.rs
/aptos-core/crates/aptos-protos/src/pb/aptos.indexer.v1.tonic.rs renamed as /aptos-core/crates/aptos-protos/src/pb/diem.indexer.v1.tonic.rs
/aptos-core/crates/aptos-protos/src/pb/aptos.internal.fullnode.v1.rs renamed as /aptos-core/crates/aptos-protos/src/pb/diem.internal.fullnode.v1.rs
/aptos-core/crates/aptos-protos/src/pb/aptos.transaction.v1.serde.rs renamed as /aptos-core/crates/aptos-protos/src/pb/diem.transaction.v1.serde.rs
/aptos-core/crates/aptos-protos/src/pb/aptos.internal.fullnode.v1.tonic.rs renamed as /aptos-core/crates/aptos-protos/src/pb/diem.internal.fullnode.v1.tonic.rs
/aptos-core/crates/aptos-protos/src/pb/aptos.transaction.v1.rs renamed as /aptos-core/crates/aptos-protos/src/pb/diem.transaction.v1.rs
/aptos-core/crates/aptos-protos/src/pb/aptos.internal.fullnode.v1.serde.rs renamed as /aptos-core/crates/aptos-protos/src/pb/diem.internal.fullnode.v1.serde.rs
/aptos-core/crates/aptos-protos/src/pb/aptos.indexer.v1.serde.rs renamed as /aptos-core/crates/aptos-protos/src/pb/diem.indexer.v1.serde.rs
/aptos-core/crates/aptos-protos/src/pb/aptos.util.timestamp.rs renamed as /aptos-core/crates/aptos-protos/src/pb/diem.util.timestamp.rs
/aptos-core/crates/aptos-protos renamed as /aptos-core/crates/diem-protos
/aptos-core/crates/aptos-rest-client/src/aptos.rs renamed as /aptos-core/crates/aptos-rest-client/src/diem.rs
/aptos-core/crates/aptos-rest-client renamed as /aptos-core/crates/diem-rest-client
/aptos-core/crates/aptos-keygen renamed as /aptos-core/crates/diem-keygen
/aptos-core/crates/aptos-faucet renamed as /aptos-core/crates/diem-faucet
/aptos-core/crates/aptos-compression renamed as /aptos-core/crates/diem-compression
/aptos-core/crates/aptos-temppath renamed as /aptos-core/crates/diem-temppath
/aptos-core/crates/aptos-crypto-derive renamed as /aptos-core/crates/diem-crypto-derive
/aptos-core/crates/aptos-runtimes renamed as /aptos-core/crates/diem-runtimes
/aptos-core/crates/aptos-genesis renamed as /aptos-core/crates/diem-genesis
/aptos-core/crates/aptos-github-client renamed as /aptos-core/crates/diem-github-client
/aptos-core/crates/aptos-cli-common renamed as /aptos-core/crates/diem-cli-common
/aptos-core/crates/aptos-crypto renamed as /aptos-core/crates/diem-crypto
/aptos-core/crates/aptos-rate-limiter renamed as /aptos-core/crates/diem-rate-limiter
/aptos-core/crates/aptos-telemetry-service renamed as /aptos-core/crates/diem-telemetry-service
/aptos-core/crates/aptos-metrics-core renamed as /aptos-core/crates/diem-metrics-core
/aptos-core/crates/aptos-infallible renamed as /aptos-core/crates/diem-infallible
/aptos-core/crates/aptos-inspection-service renamed as /aptos-core/crates/diem-inspection-service
/aptos-core/crates/aptos-speculative-state-helper renamed as /aptos-core/crates/diem-speculative-state-helper
/aptos-core/crates/aptos-time-service renamed as /aptos-core/crates/diem-time-service
/aptos-core/crates/channel/src/aptos_channel.rs renamed as /aptos-core/crates/channel/src/diem_channel.rs
/aptos-core/crates/channel/src/aptos_channel_test.rs renamed as /aptos-core/crates/channel/src/diem_channel_test.rs
/aptos-core/crates/aptos-enum-conversion-derive renamed as /aptos-core/crates/diem-enum-conversion-derive
/aptos-core/crates/aptos-node-identity renamed as /aptos-core/crates/diem-node-identity
/aptos-core/crates/aptos-build-info renamed as /aptos-core/crates/diem-build-info
/aptos-core/crates/aptos-push-metrics renamed as /aptos-core/crates/diem-push-metrics
/aptos-core/crates/aptos-retrier renamed as /aptos-core/crates/diem-retrier
/aptos-core/docker/compose/aptos-node renamed as /aptos-core/docker/compose/diem-node
/aptos-core/developer-docs-site/static/papers/Aptos-Whitepaper.pdf renamed as /aptos-core/developer-docs-site/static/papers/Diem-Whitepaper.pdf
/aptos-core/ecosystem/typescript/sdk/src/generated/models/AptosErrorCode.ts renamed as /aptos-core/ecosystem/typescript/sdk/src/generated/models/DiemErrorCode.ts
/aptos-core/ecosystem/typescript/sdk/src/generated/models/AptosError.ts renamed as /aptos-core/ecosystem/typescript/sdk/src/generated/models/DiemError.ts
/aptos-core/crates/diem-faucet/ts-client/src/models/AptosTapErrorCode.ts renamed as /aptos-core/crates/diem-faucet/ts-client/src/models/DiemTapErrorCode.ts
/aptos-core/crates/diem-faucet/ts-client/src/models/AptosTapError.ts renamed as /aptos-core/crates/diem-faucet/ts-client/src/models/DiemTapError.ts
/aptos-core/crates/diem-faucet/ts-client/src/AptosFaucetClient.ts renamed as /aptos-core/crates/diem-faucet/ts-client/src/DiemFaucetClient.ts
/aptos-core/crates/diem-faucet/ts-client/src/schemas/$AptosTapError.ts renamed as /aptos-core/crates/diem-faucet/ts-client/src/schemas/$DiemTapError.ts
/aptos-core/crates/diem-faucet/ts-client/src/schemas/$AptosTapErrorCode.ts renamed as /aptos-core/crates/diem-faucet/ts-client/src/schemas/$DiemTapErrorCode.ts
